# JRE version: Java(TM) SE Runtime Environment (16.0.2+7) (build 16.0.2+7-67)
# Java VM: Java HotSpot(TM) 64-Bit Server VM (16.0.2+7-67, mixed mode, sharing, tiered, compressed oops, compressed class ptrs, g1 gc, windows-amd64)
GC Precious Log:
 CPUs: 4 total, 4 available
 Memory: 4004M
 Large Page Support: Disabled
 NUMA Support: Disabled
 Compressed Oops: Enabled (32-bit)
 Heap Region Size: 1M
 Heap Min Capacity: 8M
 Heap Initial Capacity: 64M
 Heap Max Capacity: 1002M
 Pre-touch: Disabled
 Parallel Workers: 4
 Concurrent Workers: 1
 Concurrent Refinement Workers: 4
 Periodic GC: Disabled
Heap:
 garbage-first heap   total 65536K, used 36558K [0x00000000c1600000, 0x0000000100000000)
  region size 1024K, 17 young (17408K), 3 survivors (3072K)
 Metaspace       used 41659K, committed 41984K, reserved 1089536K
  class space    used 4728K, committed 4928K, reserved 1048576K
GC Heap History (20 events):
Event: 7.399 GC heap before
{Heap before GC invocations=9 (full 0):
 garbage-first heap   total 65536K, used 52154K [0x00000000c1600000, 0x0000000100000000)
  region size 1024K, 37 young (37888K), 2 survivors (2048K)
 Metaspace       used 17035K, committed 17280K, reserved 1064960K
  class space    used 1701K, committed 1856K, reserved 1048576K
}
Event: 7.401 GC heap after
{Heap after GC invocations=10 (full 0):
 garbage-first heap   total 65536K, used 16827K [0x00000000c1600000, 0x0000000100000000)
  region size 1024K, 2 young (2048K), 2 survivors (2048K)
 Metaspace       used 17035K, committed 17280K, reserved 1064960K
  class space    used 1701K, committed 1856K, reserved 1048576K
}
Event: 8.148 GC heap before
{Heap before GC invocations=10 (full 0):
 garbage-first heap   total 65536K, used 52667K [0x00000000c1600000, 0x0000000100000000)
  region size 1024K, 37 young (37888K), 2 survivors (2048K)
 Metaspace       used 18318K, committed 18560K, reserved 1073152K
  class space    used 1875K, committed 1984K, reserved 1048576K
}
Event: 8.152 GC heap after
{Heap after GC invocations=11 (full 0):
 garbage-first heap   total 65536K, used 17132K [0x00000000c1600000, 0x0000000100000000)
  region size 1024K, 3 young (3072K), 3 survivors (3072K)
 Metaspace       used 18318K, committed 18560K, reserved 1073152K
  class space    used 1875K, committed 1984K, reserved 1048576K
}
Event: 8.881 GC heap before
{Heap before GC invocations=11 (full 0):
 garbage-first heap   total 65536K, used 44780K [0x00000000c1600000, 0x0000000100000000)
  region size 1024K, 31 young (31744K), 3 survivors (3072K)
 Metaspace       used 21015K, committed 21248K, reserved 1073152K
  class space    used 2233K, committed 2368K, reserved 1048576K
}
Event: 8.887 GC heap after
{Heap after GC invocations=12 (full 0):
 garbage-first heap   total 65536K, used 17793K [0x00000000c1600000, 0x0000000100000000)
  region size 1024K, 3 young (3072K), 3 survivors (3072K)
 Metaspace       used 21015K, committed 21248K, reserved 1073152K
  class space    used 2233K, committed 2368K, reserved 1048576K
}
Event: 9.507 GC heap before
{Heap before GC invocations=13 (full 0):
 garbage-first heap   total 65536K, used 52609K [0x00000000c1600000, 0x0000000100000000)
  region size 1024K, 38 young (38912K), 3 survivors (3072K)
 Metaspace       used 24615K, committed 24896K, reserved 1073152K
  class space    used 2573K, committed 2688K, reserved 1048576K
}
Event: 9.516 GC heap after
{Heap after GC invocations=14 (full 0):
 garbage-first heap   total 65536K, used 18474K [0x00000000c1600000, 0x0000000100000000)
  region size 1024K, 3 young (3072K), 3 survivors (3072K)
 Metaspace       used 24615K, committed 24896K, reserved 1073152K
  class space    used 2573K, committed 2688K, reserved 1048576K
}
Event: 9.915 GC heap before
{Heap before GC invocations=14 (full 0):
 garbage-first heap   total 65536K, used 53290K [0x00000000c1600000, 0x0000000100000000)
  region size 1024K, 37 young (37888K), 3 survivors (3072K)
 Metaspace       used 27921K, committed 28224K, reserved 1081344K
  class space    used 2938K, committed 3072K, reserved 1048576K
}
Event: 9.919 GC heap after
{Heap after GC invocations=15 (full 0):
 garbage-first heap   total 65536K, used 18922K [0x00000000c1600000, 0x0000000100000000)
  region size 1024K, 3 young (3072K), 3 survivors (3072K)
 Metaspace       used 27921K, committed 28224K, reserved 1081344K
  class space    used 2938K, committed 3072K, reserved 1048576K
}
Event: 10.642 GC heap before
{Heap before GC invocations=15 (full 0):
 garbage-first heap   total 65536K, used 53738K [0x00000000c1600000, 0x0000000100000000)
  region size 1024K, 37 young (37888K), 3 survivors (3072K)
 Metaspace       used 31281K, committed 31552K, reserved 1081344K
  class space    used 3477K, committed 3584K, reserved 1048576K
}
Event: 10.651 GC heap after
{Heap after GC invocations=16 (full 0):
 garbage-first heap   total 65536K, used 20378K [0x00000000c1600000, 0x0000000100000000)
  region size 1024K, 4 young (4096K), 4 survivors (4096K)
 Metaspace       used 31281K, committed 31552K, reserved 1081344K
  class space    used 3477K, committed 3584K, reserved 1048576K
}
Event: 11.508 GC heap before
{Heap before GC invocations=16 (full 0):
 garbage-first heap   total 65536K, used 53146K [0x00000000c1600000, 0x0000000100000000)
  region size 1024K, 36 young (36864K), 4 survivors (4096K)
 Metaspace       used 34358K, committed 34624K, reserved 1081344K
  class space    used 3821K, committed 3968K, reserved 1048576K
}
Event: 11.516 GC heap after
{Heap after GC invocations=17 (full 0):
 garbage-first heap   total 65536K, used 21506K [0x00000000c1600000, 0x0000000100000000)
  region size 1024K, 4 young (4096K), 4 survivors (4096K)
 Metaspace       used 34358K, committed 34624K, reserved 1081344K
  class space    used 3821K, committed 3968K, reserved 1048576K
}
Event: 11.719 GC heap before
{Heap before GC invocations=17 (full 0):
 garbage-first heap   total 65536K, used 32770K [0x00000000c1600000, 0x0000000100000000)
  region size 1024K, 16 young (16384K), 4 survivors (4096K)
 Metaspace       used 35310K, committed 35520K, reserved 1081344K
  class space    used 3932K, committed 4032K, reserved 1048576K
}
Event: 11.724 GC heap after
{Heap after GC invocations=18 (full 0):
 garbage-first heap   total 65536K, used 21968K [0x00000000c1600000, 0x0000000100000000)
  region size 1024K, 4 young (4096K), 4 survivors (4096K)
 Metaspace       used 35310K, committed 35520K, reserved 1081344K
  class space    used 3932K, committed 4032K, reserved 1048576K
}
Event: 12.141 GC heap before
{Heap before GC invocations=19 (full 0):
 garbage-first heap   total 65536K, used 52688K [0x00000000c1600000, 0x0000000100000000)
  region size 1024K, 34 young (34816K), 4 survivors (4096K)
 Metaspace       used 37967K, committed 38272K, reserved 1089536K
  class space    used 4240K, committed 4352K, reserved 1048576K
}
Event: 12.147 GC heap after
{Heap after GC invocations=20 (full 0):
 garbage-first heap   total 65536K, used 22306K [0x00000000c1600000, 0x0000000100000000)
  region size 1024K, 2 young (2048K), 2 survivors (2048K)
 Metaspace       used 37967K, committed 38272K, reserved 1089536K
  class space    used 4240K, committed 4352K, reserved 1048576K
}
Event: 12.698 GC heap before
{Heap before GC invocations=20 (full 0):
 garbage-first heap   total 65536K, used 54050K [0x00000000c1600000, 0x0000000100000000)
  region size 1024K, 33 young (33792K), 2 survivors (2048K)
 Metaspace       used 40794K, committed 41088K, reserved 1089536K
  class space    used 4603K, committed 4736K, reserved 1048576K
}
Event: 12.703 GC heap after
{Heap after GC invocations=21 (full 0):
 garbage-first heap   total 65536K, used 23246K [0x00000000c1600000, 0x0000000100000000)
  region size 1024K, 3 young (3072K), 3 survivors (3072K)
 Metaspace       used 40794K, committed 41088K, reserved 1089536K
  class space    used 4603K, committed 4736K, reserved 1048576K
}

