# JRE version: Java(TM) SE Runtime Environment (16.0.2+7) (build 16.0.2+7-67)
# Java VM: Java HotSpot(TM) 64-Bit Server VM (16.0.2+7-67, mixed mode, sharing, tiered, compressed oops, compressed class ptrs, g1 gc, windows-amd64)
GC Precious Log:
 CPUs: 4 total, 4 available
 Memory: 4004M
 Large Page Support: Disabled
 NUMA Support: Disabled
 Compressed Oops: Enabled (32-bit)
 Heap Region Size: 1M
 Heap Min Capacity: 8M
 Heap Initial Capacity: 64M
 Heap Max Capacity: 1002M
 Pre-touch: Disabled
 Parallel Workers: 4
 Concurrent Workers: 1
 Concurrent Refinement Workers: 4
 Periodic GC: Disabled
Heap:
 garbage-first heap   total 68608K, used 51904K [0x00000000c1600000, 0x0000000100000000)
  region size 1024K, 34 young (34816K), 4 survivors (4096K)
 Metaspace       used 40643K, committed 40960K, reserved 1089536K
  class space    used 4700K, committed 4864K, reserved 1048576K
GC Heap History (20 events):
Event: 2.452 GC heap before
{Heap before GC invocations=2 (full 0):
 garbage-first heap   total 65536K, used 29257K [0x00000000c1600000, 0x0000000100000000)
  region size 1024K, 19 young (19456K), 2 survivors (2048K)
 Metaspace       used 9618K, committed 9792K, reserved 1064960K
  class space    used 995K, committed 1088K, reserved 1048576K
}
Event: 2.457 GC heap after
{Heap after GC invocations=3 (full 0):
 garbage-first heap   total 65536K, used 14126K [0x00000000c1600000, 0x0000000100000000)
  region size 1024K, 3 young (3072K), 3 survivors (3072K)
 Metaspace       used 9618K, committed 9792K, reserved 1064960K
  class space    used 995K, committed 1088K, reserved 1048576K
}
Event: 3.066 GC heap before
{Heap before GC invocations=3 (full 0):
 garbage-first heap   total 65536K, used 38702K [0x00000000c1600000, 0x0000000100000000)
  region size 1024K, 28 young (28672K), 3 survivors (3072K)
 Metaspace       used 15489K, committed 15744K, reserved 1064960K
  class space    used 1623K, committed 1728K, reserved 1048576K
}
Event: 3.072 GC heap after
{Heap after GC invocations=4 (full 0):
 garbage-first heap   total 65536K, used 15932K [0x00000000c1600000, 0x0000000100000000)
  region size 1024K, 2 young (2048K), 2 survivors (2048K)
 Metaspace       used 15489K, committed 15744K, reserved 1064960K
  class space    used 1623K, committed 1728K, reserved 1048576K
}
Event: 3.640 GC heap before
{Heap before GC invocations=4 (full 0):
 garbage-first heap   total 65536K, used 41532K [0x00000000c1600000, 0x0000000100000000)
  region size 1024K, 27 young (27648K), 2 survivors (2048K)
 Metaspace       used 16155K, committed 16384K, reserved 1064960K
  class space    used 1672K, committed 1792K, reserved 1048576K
}
Event: 3.644 GC heap after
{Heap after GC invocations=5 (full 0):
 garbage-first heap   total 65536K, used 16126K [0x00000000c1600000, 0x0000000100000000)
  region size 1024K, 2 young (2048K), 2 survivors (2048K)
 Metaspace       used 16155K, committed 16384K, reserved 1064960K
  class space    used 1672K, committed 1792K, reserved 1048576K
}
Event: 3.930 GC heap before
{Heap before GC invocations=5 (full 0):
 garbage-first heap   total 65536K, used 44798K [0x00000000c1600000, 0x0000000100000000)
  region size 1024K, 30 young (30720K), 2 survivors (2048K)
 Metaspace       used 16157K, committed 16384K, reserved 1064960K
  class space    used 1672K, committed 1792K, reserved 1048576K
}
Event: 3.934 GC heap after
{Heap after GC invocations=6 (full 0):
 garbage-first heap   total 65536K, used 16402K [0x00000000c1600000, 0x0000000100000000)
  region size 1024K, 3 young (3072K), 3 survivors (3072K)
 Metaspace       used 16157K, committed 16384K, reserved 1064960K
  class space    used 1672K, committed 1792K, reserved 1048576K
}
Event: 4.218 GC heap before
{Heap before GC invocations=6 (full 0):
 garbage-first heap   total 65536K, used 48146K [0x00000000c1600000, 0x0000000100000000)
  region size 1024K, 34 young (34816K), 3 survivors (3072K)
 Metaspace       used 16195K, committed 16384K, reserved 1064960K
  class space    used 1672K, committed 1792K, reserved 1048576K
}
Event: 4.223 GC heap after
{Heap after GC invocations=7 (full 0):
 garbage-first heap   total 65536K, used 16649K [0x00000000c1600000, 0x0000000100000000)
  region size 1024K, 3 young (3072K), 3 survivors (3072K)
 Metaspace       used 16195K, committed 16384K, reserved 1064960K
  class space    used 1672K, committed 1792K, reserved 1048576K
}
Event: 4.556 GC heap before
{Heap before GC invocations=7 (full 0):
 garbage-first heap   total 65536K, used 50441K [0x00000000c1600000, 0x0000000100000000)
  region size 1024K, 36 young (36864K), 3 survivors (3072K)
 Metaspace       used 16285K, committed 16576K, reserved 1064960K
  class space    used 1673K, committed 1792K, reserved 1048576K
}
Event: 4.561 GC heap after
{Heap after GC invocations=8 (full 0):
 garbage-first heap   total 65536K, used 16919K [0x00000000c1600000, 0x0000000100000000)
  region size 1024K, 3 young (3072K), 3 survivors (3072K)
 Metaspace       used 16285K, committed 16576K, reserved 1064960K
  class space    used 1673K, committed 1792K, reserved 1048576K
}
Event: 4.854 GC heap before
{Heap before GC invocations=8 (full 0):
 garbage-first heap   total 65536K, used 51735K [0x00000000c1600000, 0x0000000100000000)
  region size 1024K, 37 young (37888K), 3 survivors (3072K)
 Metaspace       used 16324K, committed 16576K, reserved 1064960K
  class space    used 1677K, committed 1792K, reserved 1048576K
}
Event: 4.858 GC heap after
{Heap after GC invocations=9 (full 0):
 garbage-first heap   total 78848K, used 17094K [0x00000000c1600000, 0x0000000100000000)
  region size 1024K, 2 young (2048K), 2 survivors (2048K)
 Metaspace       used 16324K, committed 16576K, reserved 1064960K
  class space    used 1677K, committed 1792K, reserved 1048576K
}
Event: 5.916 GC heap before
{Heap before GC invocations=9 (full 0):
 garbage-first heap   total 78848K, used 49862K [0x00000000c1600000, 0x0000000100000000)
  region size 1024K, 35 young (35840K), 2 survivors (2048K)
 Metaspace       used 21027K, committed 21248K, reserved 1073152K
  class space    used 2293K, committed 2432K, reserved 1048576K
}
Event: 5.923 GC heap after
{Heap after GC invocations=10 (full 0):
 garbage-first heap   total 78848K, used 18292K [0x00000000c1600000, 0x0000000100000000)
  region size 1024K, 3 young (3072K), 3 survivors (3072K)
 Metaspace       used 21027K, committed 21248K, reserved 1073152K
  class space    used 2293K, committed 2432K, reserved 1048576K
}
Event: 7.164 GC heap before
{Heap before GC invocations=11 (full 0):
 garbage-first heap   total 68608K, used 56180K [0x00000000c1600000, 0x0000000100000000)
  region size 1024K, 40 young (40960K), 3 survivors (3072K)
 Metaspace       used 31194K, committed 31488K, reserved 1081344K
  class space    used 3538K, committed 3648K, reserved 1048576K
}
Event: 7.171 GC heap after
{Heap after GC invocations=12 (full 0):
 garbage-first heap   total 68608K, used 20583K [0x00000000c1600000, 0x0000000100000000)
  region size 1024K, 5 young (5120K), 5 survivors (5120K)
 Metaspace       used 31194K, committed 31488K, reserved 1081344K
  class space    used 3538K, committed 3648K, reserved 1048576K
}
Event: 7.903 GC heap before
{Heap before GC invocations=12 (full 0):
 garbage-first heap   total 68608K, used 41063K [0x00000000c1600000, 0x0000000100000000)
  region size 1024K, 26 young (26624K), 5 survivors (5120K)
 Metaspace       used 35448K, committed 35648K, reserved 1081344K
  class space    used 4048K, committed 4160K, reserved 1048576K
}
Event: 7.915 GC heap after
{Heap after GC invocations=13 (full 0):
 garbage-first heap   total 68608K, used 22208K [0x00000000c1600000, 0x0000000100000000)
  region size 1024K, 4 young (4096K), 4 survivors (4096K)
 Metaspace       used 35448K, committed 35648K, reserved 1081344K
  class space    used 4048K, committed 4160K, reserved 1048576K
}

