# JRE version: Java(TM) SE Runtime Environment (16.0.2+7) (build 16.0.2+7-67)
# Java VM: Java HotSpot(TM) 64-Bit Server VM (16.0.2+7-67, mixed mode, sharing, tiered, compressed oops, compressed class ptrs, g1 gc, windows-amd64)
GC Precious Log:
 CPUs: 4 total, 4 available
 Memory: 4004M
 Large Page Support: Disabled
 NUMA Support: Disabled
 Compressed Oops: Enabled (32-bit)
 Heap Region Size: 1M
 Heap Min Capacity: 8M
 Heap Initial Capacity: 64M
 Heap Max Capacity: 1002M
 Pre-touch: Disabled
 Parallel Workers: 4
 Concurrent Workers: 1
 Concurrent Refinement Workers: 4
 Periodic GC: Disabled
Heap:
 garbage-first heap   total 78848K, used 54230K [0x00000000c1600000, 0x0000000100000000)
  region size 1024K, 36 young (36864K), 4 survivors (4096K)
 Metaspace       used 41675K, committed 41984K, reserved 1089536K
  class space    used 4729K, committed 4928K, reserved 1048576K
GC Heap History (20 events):
Event: 6.390 GC heap before
{Heap before GC invocations=8 (full 0):
 garbage-first heap   total 65536K, used 51036K [0x00000000c1600000, 0x0000000100000000)
  region size 1024K, 37 young (37888K), 3 survivors (3072K)
 Metaspace       used 16897K, committed 17216K, reserved 1064960K
  class space    used 1701K, committed 1856K, reserved 1048576K
}
Event: 6.395 GC heap after
{Heap after GC invocations=9 (full 0):
 garbage-first heap   total 65536K, used 16540K [0x00000000c1600000, 0x0000000100000000)
  region size 1024K, 2 young (2048K), 2 survivors (2048K)
 Metaspace       used 16897K, committed 17216K, reserved 1064960K
  class space    used 1701K, committed 1856K, reserved 1048576K
}
Event: 7.005 GC heap before
{Heap before GC invocations=9 (full 0):
 garbage-first heap   total 65536K, used 52380K [0x00000000c1600000, 0x0000000100000000)
  region size 1024K, 37 young (37888K), 2 survivors (2048K)
 Metaspace       used 17041K, committed 17344K, reserved 1064960K
  class space    used 1706K, committed 1856K, reserved 1048576K
}
Event: 7.008 GC heap after
{Heap after GC invocations=10 (full 0):
 garbage-first heap   total 65536K, used 16781K [0x00000000c1600000, 0x0000000100000000)
  region size 1024K, 2 young (2048K), 2 survivors (2048K)
 Metaspace       used 17041K, committed 17344K, reserved 1064960K
  class space    used 1706K, committed 1856K, reserved 1048576K
}
Event: 7.532 GC heap before
{Heap before GC invocations=10 (full 0):
 garbage-first heap   total 65536K, used 53645K [0x00000000c1600000, 0x0000000100000000)
  region size 1024K, 38 young (38912K), 2 survivors (2048K)
 Metaspace       used 17743K, committed 17984K, reserved 1073152K
  class space    used 1791K, committed 1920K, reserved 1048576K
}
Event: 7.535 GC heap after
{Heap after GC invocations=11 (full 0):
 garbage-first heap   total 65536K, used 17012K [0x00000000c1600000, 0x0000000100000000)
  region size 1024K, 2 young (2048K), 2 survivors (2048K)
 Metaspace       used 17743K, committed 17984K, reserved 1073152K
  class space    used 1791K, committed 1920K, reserved 1048576K
}
Event: 8.269 GC heap before
{Heap before GC invocations=11 (full 0):
 garbage-first heap   total 65536K, used 47732K [0x00000000c1600000, 0x0000000100000000)
  region size 1024K, 33 young (33792K), 2 survivors (2048K)
 Metaspace       used 20985K, committed 21248K, reserved 1073152K
  class space    used 2232K, committed 2368K, reserved 1048576K
}
Event: 8.276 GC heap after
{Heap after GC invocations=12 (full 0):
 garbage-first heap   total 65536K, used 17754K [0x00000000c1600000, 0x0000000100000000)
  region size 1024K, 3 young (3072K), 3 survivors (3072K)
 Metaspace       used 20985K, committed 21248K, reserved 1073152K
  class space    used 2232K, committed 2368K, reserved 1048576K
}
Event: 8.883 GC heap before
{Heap before GC invocations=13 (full 0):
 garbage-first heap   total 65536K, used 52570K [0x00000000c1600000, 0x0000000100000000)
  region size 1024K, 38 young (38912K), 3 survivors (3072K)
 Metaspace       used 24543K, committed 24768K, reserved 1073152K
  class space    used 2563K, committed 2688K, reserved 1048576K
}
Event: 8.888 GC heap after
{Heap after GC invocations=14 (full 0):
 garbage-first heap   total 65536K, used 18546K [0x00000000c1600000, 0x0000000100000000)
  region size 1024K, 3 young (3072K), 3 survivors (3072K)
 Metaspace       used 24543K, committed 24768K, reserved 1073152K
  class space    used 2563K, committed 2688K, reserved 1048576K
}
Event: 9.231 GC heap before
{Heap before GC invocations=14 (full 0):
 garbage-first heap   total 65536K, used 52338K [0x00000000c1600000, 0x0000000100000000)
  region size 1024K, 37 young (37888K), 3 survivors (3072K)
 Metaspace       used 27886K, committed 28096K, reserved 1081344K
  class space    used 2930K, committed 3008K, reserved 1048576K
}
Event: 9.236 GC heap after
{Heap after GC invocations=15 (full 0):
 garbage-first heap   total 65536K, used 18761K [0x00000000c1600000, 0x0000000100000000)
  region size 1024K, 3 young (3072K), 3 survivors (3072K)
 Metaspace       used 27886K, committed 28096K, reserved 1081344K
  class space    used 2930K, committed 3008K, reserved 1048576K
}
Event: 9.995 GC heap before
{Heap before GC invocations=15 (full 0):
 garbage-first heap   total 65536K, used 54601K [0x00000000c1600000, 0x0000000100000000)
  region size 1024K, 38 young (38912K), 3 survivors (3072K)
 Metaspace       used 31309K, committed 31552K, reserved 1081344K
  class space    used 3482K, committed 3584K, reserved 1048576K
}
Event: 10.002 GC heap after
{Heap after GC invocations=16 (full 0):
 garbage-first heap   total 65536K, used 20420K [0x00000000c1600000, 0x0000000100000000)
  region size 1024K, 4 young (4096K), 4 survivors (4096K)
 Metaspace       used 31309K, committed 31552K, reserved 1081344K
  class space    used 3482K, committed 3584K, reserved 1048576K
}
Event: 10.953 GC heap before
{Heap before GC invocations=16 (full 0):
 garbage-first heap   total 65536K, used 53188K [0x00000000c1600000, 0x0000000100000000)
  region size 1024K, 36 young (36864K), 4 survivors (4096K)
 Metaspace       used 34360K, committed 34624K, reserved 1081344K
  class space    used 3824K, committed 3968K, reserved 1048576K
}
Event: 10.964 GC heap after
{Heap after GC invocations=17 (full 0):
 garbage-first heap   total 65536K, used 21285K [0x00000000c1600000, 0x0000000100000000)
  region size 1024K, 4 young (4096K), 4 survivors (4096K)
 Metaspace       used 34360K, committed 34624K, reserved 1081344K
  class space    used 3824K, committed 3968K, reserved 1048576K
}
Event: 11.166 GC heap before
{Heap before GC invocations=17 (full 0):
 garbage-first heap   total 65536K, used 31525K [0x00000000c1600000, 0x0000000100000000)
  region size 1024K, 15 young (15360K), 4 survivors (4096K)
 Metaspace       used 35316K, committed 35520K, reserved 1081344K
  class space    used 3935K, committed 4032K, reserved 1048576K
}
Event: 11.172 GC heap after
{Heap after GC invocations=18 (full 0):
 garbage-first heap   total 78848K, used 21862K [0x00000000c1600000, 0x0000000100000000)
  region size 1024K, 3 young (3072K), 3 survivors (3072K)
 Metaspace       used 35316K, committed 35520K, reserved 1081344K
  class space    used 3935K, committed 4032K, reserved 1048576K
}
Event: 11.729 GC heap before
{Heap before GC invocations=19 (full 0):
 garbage-first heap   total 78848K, used 65894K [0x00000000c1600000, 0x0000000100000000)
  region size 1024K, 46 young (47104K), 3 survivors (3072K)
 Metaspace       used 39229K, committed 39488K, reserved 1089536K
  class space    used 4376K, committed 4480K, reserved 1048576K
}
Event: 11.735 GC heap after
{Heap after GC invocations=20 (full 0):
 garbage-first heap   total 78848K, used 22486K [0x00000000c1600000, 0x0000000100000000)
  region size 1024K, 4 young (4096K), 4 survivors (4096K)
 Metaspace       used 39229K, committed 39488K, reserved 1089536K
  class space    used 4376K, committed 4480K, reserved 1048576K
}

